# JRE version: Java(TM) SE Runtime Environment (8.0_77-b03) (build 1.8.0_77-b03)
# Java VM: Java HotSpot(TM) 64-Bit Server VM (25.77-b03 mixed mode linux-amd64 compressed oops)
Heap:
 PSYoungGen      total 396800K, used 1024K [0x0000000781800000, 0x000000079a000000, 0x00000007c0000000)
  eden space 395264K, 0% used [0x0000000781800000,0x0000000781800000,0x0000000799a00000)
  from space 1536K, 66% used [0x0000000799d00000,0x0000000799e00000,0x0000000799e80000)
  to   space 1536K, 0% used [0x0000000799e80000,0x0000000799e80000,0x000000079a000000)
 ParOldGen       total 337408K, used 290629K [0x0000000704800000, 0x0000000719180000, 0x0000000781800000)
  object space 337408K, 86% used [0x0000000704800000,0x00000007163d15f0,0x0000000719180000)
 Metaspace       used 16585K, capacity 16844K, committed 17152K, reserved 1064960K
  class space    used 1576K, capacity 1663K, committed 1792K, reserved 1048576K
GC Heap History (10 events):
Event: 10809.944 GC heap after
Heap after GC invocations=7427 (full 15):
 PSYoungGen      total 303104K, used 960K [0x0000000781800000, 0x0000000794300000, 0x00000007c0000000)
  eden space 302080K, 0% used [0x0000000781800000,0x0000000781800000,0x0000000793f00000)
  from space 1024K, 93% used [0x0000000794200000,0x00000007942f0000,0x0000000794300000)
  to   space 1536K, 0% used [0x0000000794000000,0x0000000794000000,0x0000000794180000)
 ParOldGen       total 337408K, used 290534K [0x0000000704800000, 0x0000000719180000, 0x0000000781800000)
  object space 337408K, 86% used [0x0000000704800000,0x00000007163b9810,0x0000000719180000)
 Metaspace       used 16585K, capacity 16844K, committed 17152K, reserved 1064960K
  class space    used 1576K, capacity 1663K, committed 1792K, reserved 1048576K
}
Event: 10820.790 GC heap before
{Heap before GC invocations=7428 (full 15):
 PSYoungGen      total 303104K, used 303040K [0x0000000781800000, 0x0000000794300000, 0x00000007c0000000)
  eden space 302080K, 100% used [0x0000000781800000,0x0000000793f00000,0x0000000793f00000)
  from space 1024K, 93% used [0x0000000794200000,0x00000007942f0000,0x0000000794300000)
  to   space 1536K, 0% used [0x0000000794000000,0x0000000794000000,0x0000000794180000)
 ParOldGen       total 337408K, used 290534K [0x0000000704800000, 0x0000000719180000, 0x0000000781800000)
  object space 337408K, 86% used [0x0000000704800000,0x00000007163b9810,0x0000000719180000)
 Metaspace       used 16585K, capacity 16844K, committed 17152K, reserved 1064960K
  class space    used 1576K, capacity 1663K, committed 1792K, reserved 1048576K
Event: 10821.337 GC heap after
Heap after GC invocations=7428 (full 15):
 PSYoungGen      total 304640K, used 976K [0x0000000781800000, 0x0000000797080000, 0x00000007c0000000)
  eden space 303104K, 0% used [0x0000000781800000,0x0000000781800000,0x0000000794000000)
  from space 1536K, 63% used [0x0000000794000000,0x00000007940f4020,0x0000000794180000)
  to   space 1536K, 0% used [0x0000000796f00000,0x0000000796f00000,0x0000000797080000)
 ParOldGen       total 337408K, used 290550K [0x0000000704800000, 0x0000000719180000, 0x0000000781800000)
  object space 337408K, 86% used [0x0000000704800000,0x00000007163bd810,0x0000000719180000)
 Metaspace       used 16585K, capacity 16844K, committed 17152K, reserved 1064960K
  class space    used 1576K, capacity 1663K, committed 1792K, reserved 1048576K
}
Event: 10830.703 GC heap before
{Heap before GC invocations=7429 (full 15):
 PSYoungGen      total 304640K, used 304080K [0x0000000781800000, 0x0000000797080000, 0x00000007c0000000)
  eden space 303104K, 100% used [0x0000000781800000,0x0000000794000000,0x0000000794000000)
  from space 1536K, 63% used [0x0000000794000000,0x00000007940f4020,0x0000000794180000)
  to   space 1536K, 0% used [0x0000000796f00000,0x0000000796f00000,0x0000000797080000)
 ParOldGen       total 337408K, used 290550K [0x0000000704800000, 0x0000000719180000, 0x0000000781800000)
  object space 337408K, 86% used [0x0000000704800000,0x00000007163bd810,0x0000000719180000)
 Metaspace       used 16585K, capacity 16844K, committed 17152K, reserved 1064960K
  class space    used 1576K, capacity 1663K, committed 1792K, reserved 1048576K
Event: 10830.742 GC heap after
Heap after GC invocations=7429 (full 15):
 PSYoungGen      total 350208K, used 864K [0x0000000781800000, 0x0000000797000000, 0x00000007c0000000)
  eden space 349184K, 0% used [0x0000000781800000,0x0000000781800000,0x0000000796d00000)
  from space 1024K, 84% used [0x0000000796f00000,0x0000000796fd8000,0x0000000797000000)
  to   space 1536K, 0% used [0x0000000796d00000,0x0000000796d00000,0x0000000796e80000)
 ParOldGen       total 337408K, used 290581K [0x0000000704800000, 0x0000000719180000, 0x0000000781800000)
  object space 337408K, 86% used [0x0000000704800000,0x00000007163c55f0,0x0000000719180000)
 Metaspace       used 16585K, capacity 16844K, committed 17152K, reserved 1064960K
  class space    used 1576K, capacity 1663K, committed 1792K, reserved 1048576K
}
Event: 10844.694 GC heap before
{Heap before GC invocations=7430 (full 15):
 PSYoungGen      total 350208K, used 350048K [0x0000000781800000, 0x0000000797000000, 0x00000007c0000000)
  eden space 349184K, 100% used [0x0000000781800000,0x0000000796d00000,0x0000000796d00000)
  from space 1024K, 84% used [0x0000000796f00000,0x0000000796fd8000,0x0000000797000000)
  to   space 1536K, 0% used [0x0000000796d00000,0x0000000796d00000,0x0000000796e80000)
 ParOldGen       total 337408K, used 290581K [0x0000000704800000, 0x0000000719180000, 0x0000000781800000)
  object space 337408K, 86% used [0x0000000704800000,0x00000007163c55f0,0x0000000719180000)
 Metaspace       used 16585K, capacity 16844K, committed 17152K, reserved 1064960K
  class space    used 1576K, capacity 1663K, committed 1792K, reserved 1048576K
Event: 10844.708 GC heap after
Heap after GC invocations=7430 (full 15):
 PSYoungGen      total 350720K, used 1088K [0x0000000781800000, 0x000000079a000000, 0x00000007c0000000)
  eden space 349184K, 0% used [0x0000000781800000,0x0000000781800000,0x0000000796d00000)
  from space 1536K, 70% used [0x0000000796d00000,0x0000000796e10010,0x0000000796e80000)
  to   space 1536K, 0% used [0x0000000799e80000,0x0000000799e80000,0x000000079a000000)
 ParOldGen       total 337408K, used 290597K [0x0000000704800000, 0x0000000719180000, 0x0000000781800000)
  object space 337408K, 86% used [0x0000000704800000,0x00000007163c95f0,0x0000000719180000)
 Metaspace       used 16585K, capacity 16844K, committed 17152K, reserved 1064960K
  class space    used 1576K, capacity 1663K, committed 1792K, reserved 1048576K
}
Event: 10852.904 GC heap before
{Heap before GC invocations=7431 (full 15):
 PSYoungGen      total 350720K, used 350272K [0x0000000781800000, 0x000000079a000000, 0x00000007c0000000)
  eden space 349184K, 100% used [0x0000000781800000,0x0000000796d00000,0x0000000796d00000)
  from space 1536K, 70% used [0x0000000796d00000,0x0000000796e10010,0x0000000796e80000)
  to   space 1536K, 0% used [0x0000000799e80000,0x0000000799e80000,0x000000079a000000)
 ParOldGen       total 337408K, used 290597K [0x0000000704800000, 0x0000000719180000, 0x0000000781800000)
  object space 337408K, 86% used [0x0000000704800000,0x00000007163c95f0,0x0000000719180000)
 Metaspace       used 16585K, capacity 16844K, committed 17152K, reserved 1064960K
  class space    used 1576K, capacity 1663K, committed 1792K, reserved 1048576K
Event: 10852.930 GC heap after
Heap after GC invocations=7431 (full 15):
 PSYoungGen      total 396800K, used 1312K [0x0000000781800000, 0x000000079a000000, 0x00000007c0000000)
  eden space 395264K, 0% used [0x0000000781800000,0x0000000781800000,0x0000000799a00000)
  from space 1536K, 85% used [0x0000000799e80000,0x0000000799fc8190,0x000000079a000000)
  to   space 1536K, 0% used [0x0000000799d00000,0x0000000799d00000,0x0000000799e80000)
 ParOldGen       total 337408K, used 290605K [0x0000000704800000, 0x0000000719180000, 0x0000000781800000)
  object space 337408K, 86% used [0x0000000704800000,0x00000007163cb5f0,0x0000000719180000)
 Metaspace       used 16585K, capacity 16844K, committed 17152K, reserved 1064960K
  class space    used 1576K, capacity 1663K, committed 1792K, reserved 1048576K
}
Event: 11108.678 GC heap before
{Heap before GC invocations=7432 (full 15):
 PSYoungGen      total 396800K, used 396576K [0x0000000781800000, 0x000000079a000000, 0x00000007c0000000)
  eden space 395264K, 100% used [0x0000000781800000,0x0000000799a00000,0x0000000799a00000)
  from space 1536K, 85% used [0x0000000799e80000,0x0000000799fc8190,0x000000079a000000)
  to   space 1536K, 0% used [0x0000000799d00000,0x0000000799d00000,0x0000000799e80000)
 ParOldGen       total 337408K, used 290605K [0x0000000704800000, 0x0000000719180000, 0x0000000781800000)
  object space 337408K, 86% used [0x0000000704800000,0x00000007163cb5f0,0x0000000719180000)
 Metaspace       used 16585K, capacity 16844K, committed 17152K, reserved 1064960K
  class space    used 1576K, capacity 1663K, committed 1792K, reserved 1048576K

